J:\PROJECTS\RAYTRACE\DEBUG\CANVAS.OBJ
J:\PROJECTS\RAYTRACE\DEBUG\KDTREE.OBJ
J:\PROJECTS\RAYTRACE\DEBUG\MAIN.OBJ
J:\PROJECTS\RAYTRACE\DEBUG\VC110.PDB
J:\PROJECTS\RAYTRACE\DEBUG\OBJECT.OBJ
J:\PROJECTS\RAYTRACE\DEBUG\RAYTRACE.ILK
J:\PROJECTS\RAYTRACE\DEBUG\RAYTRACE.EXE
J:\PROJECTS\RAYTRACE\DEBUG\RAYTRACE.PDB
J:\Projects\RayTrace\Debug\Canvas.obj
J:\Projects\RayTrace\Debug\Kdtree.obj
J:\Projects\RayTrace\Debug\main.obj
J:\Projects\RayTrace\Debug\object.obj
J:\Projects\RayTrace\Debug\RayTrace.ilk
J:\Projects\RayTrace\Debug\cl.command.1.tlog
J:\Projects\RayTrace\Debug\CL.read.1.tlog
J:\Projects\RayTrace\Debug\CL.write.1.tlog
J:\Projects\RayTrace\Debug\link-cvtres.read.1.tlog
J:\Projects\RayTrace\Debug\link-cvtres.write.1.tlog
J:\Projects\RayTrace\Debug\link-rc.read.1.tlog
J:\Projects\RayTrace\Debug\link-rc.write.1.tlog
J:\Projects\RayTrace\Debug\link.command.1.tlog
J:\Projects\RayTrace\Debug\link.read.1.tlog
J:\Projects\RayTrace\Debug\link.write.1.tlog
J:\Projects\RayTrace\Debug\vc110.idb
J:\Projects\RayTrace\Debug\RayTrace.pdb
J:\Projects\RayTrace\Debug\vc110.pdb
J:\Projects\RayTrace\Debug\RayTrace.exe
