J:\PROJECTS\RAYTRACE\RELEASE\OBJECT.OBJ
J:\PROJECTS\RAYTRACE\RELEASE\MAIN.OBJ
J:\PROJECTS\RAYTRACE\RELEASE\KDTREE.OBJ
J:\PROJECTS\RAYTRACE\RELEASE\CANVAS.OBJ
J:\PROJECTS\RAYTRACE\RELEASE\VC110.PDB
J:\PROJECTS\RAYTRACE\RELEASE\RAYTRACE.EXE
J:\PROJECTS\RAYTRACE\RELEASE\RAYTRACE.PDB
J:\Projects\RayTrace\Release\Canvas.obj
J:\Projects\RayTrace\Release\Kdtree.obj
J:\Projects\RayTrace\Release\main.obj
J:\Projects\RayTrace\Release\object.obj
J:\Projects\RayTrace\Release\cl.command.1.tlog
J:\Projects\RayTrace\Release\CL.read.1.tlog
J:\Projects\RayTrace\Release\CL.write.1.tlog
J:\Projects\RayTrace\Release\link-cvtres.read.1.tlog
J:\Projects\RayTrace\Release\link-cvtres.write.1.tlog
J:\Projects\RayTrace\Release\link-rc.read.1.tlog
J:\Projects\RayTrace\Release\link-rc.write.1.tlog
J:\Projects\RayTrace\Release\link.command.1.tlog
J:\Projects\RayTrace\Release\link.read.1.tlog
J:\Projects\RayTrace\Release\link.write.1.tlog
J:\Projects\RayTrace\Release\RayTrace.pdb
J:\Projects\RayTrace\Release\vc110.pdb
J:\Projects\RayTrace\Release\RayTrace.exe
